{"level":"info","message":"Post added successfully"}
{"level":"info","message":"Post was created"}
{"level":"info","message":"Chat was created"}
{"level":"info","message":"Message was created"}
{"level":"info","message":"Post was created"}
{"level":"info","message":"Post was created"}
{"level":"info","message":"Post was created"}
{"level":"info","message":"Post was created"}
{"level":"info","message":"Post was created"}
{"level":"info","message":"Post was created"}
{"level":"info","message":"Post was created"}
{"level":"info","message":"Message was created"}
{"level":"info","message":"Post was created"}
{"level":"info","message":"Post was created"}
{"level":"info","message":"Post was created"}
{"level":"info","message":"Post was created"}
{"level":"info","message":"Post was created"}
{"level":"info","message":"Post was created"}
{"level":"info","message":"Post was created"}
{"level":"info","message":"Post 21 was deleted"}
{"level":"info","message":"Post 20 was deleted"}
{"level":"info","message":"Post 19 was deleted"}
{"level":"info","message":"Post 18 was deleted"}
{"level":"info","message":"Post 17 was deleted"}
{"level":"info","message":"Post 16 was deleted"}
{"level":"info","message":"Post 15 was deleted"}
{"level":"info","message":"Post 14 was deleted"}
